09-21 22:18:56 model_name: cnn_features_1d
09-21 22:18:56 data_name: PHMFFT
09-21 22:18:56 data_dir: D:\Data\PHM2009gearbox\PHM_Society_2009_Competition_Expanded_txt
09-21 22:18:56 transfer_task: [[0], [3]]
09-21 22:18:56 normlizetype: mean-std
09-21 22:18:56 cuda_device: 0
09-21 22:18:56 checkpoint_dir: ./checkpoint
09-21 22:18:56 pretrained: False
09-21 22:18:56 batch_size: 64
09-21 22:18:56 num_workers: 0
09-21 22:18:56 bottleneck: True
09-21 22:18:56 bottleneck_num: 256
09-21 22:18:56 last_batch: False
09-21 22:18:56 distance_metric: False
09-21 22:18:56 distance_loss: MK-MMD
09-21 22:18:56 trade_off_distance: Step
09-21 22:18:56 lam_distance: 1
09-21 22:18:56 domain_adversarial: True
09-21 22:18:56 adversarial_loss: CDA+E
09-21 22:18:56 hidden_size: 1024
09-21 22:18:56 trade_off_adversarial: Step
09-21 22:18:56 lam_adversarial: 1
09-21 22:18:56 opt: adam
09-21 22:18:56 lr: 0.001
09-21 22:18:56 momentum: 0.9
09-21 22:18:56 weight_decay: 1e-05
09-21 22:18:56 lr_scheduler: step
09-21 22:18:56 gamma: 0.1
09-21 22:18:56 steps: 150, 250
09-21 22:18:56 middle_epoch: 50
09-21 22:18:56 max_epoch: 1
09-21 22:18:56 print_step: 50
09-21 22:18:56 using 1 gpus
09-21 22:19:04 -----Epoch 0/0-----
09-21 22:19:04 current lr: [0.001, 0.001, 0.001, 0.001]
09-21 22:19:12 Epoch: 0 [0/1248], Train Loss: 1.8754 Train Acc: 0.1719,8.2 examples/sec 7.81 sec/batch
09-21 22:19:12 Epoch: 0 source_train-Loss: 1.7795 source_train-Acc: 0.2212, Cost 8.2 sec
09-21 22:19:12 Epoch: 0 source_val-Loss: 1.7816 source_val-Acc: 0.1699, Cost 0.0 sec
09-21 22:19:12 Epoch: 0 target_val-Loss: 1.7791 target_val-Acc: 0.2756, Cost 0.0 sec
